2023-05-08 14:20:45 Produced message on topic tony-allen-plays with value of {"user_id": 34789, "artist": "tony-allen", "song_id": 5, "song_name": "asiko", "event_type": "song_completed", "timestamp": "2023-05-05 23:35:08"}

2023-05-08 14:20:48 Produced message on topic tony-allen-plays with value of {"user_id": 64377, "artist": "tony-allen", "song_id": 4, "song_name": "soldiers", "event_type": "song_completed", "timestamp": "2023-05-01 00:17:06"}

2023-05-08 14:20:51 Produced message on topic tony-allen-plays with value of {"user_id": 59714, "artist": "tony-allen", "song_id": 6, "song_name": "the-same-blood", "event_type": "song_completed", "timestamp": "2023-05-01 07:05:12"}

2023-05-08 14:20:54 Produced message on topic tony-allen-plays with value of {"user_id": 99675, "artist": "tony-allen", "song_id": 8, "song_name": "african-man", "event_type": "song_completed", "timestamp": "2023-05-04 17:56:20"}

2023-05-08 14:20:57 Produced message on topic tony-allen-plays with value of {"user_id": 30927, "artist": "tony-allen", "song_id": 7, "song_name": "upside-down", "event_type": "song_completed", "timestamp": "2023-05-01 06:00:10"}

2023-05-08 14:21:00 Produced message on topic tony-allen-plays with value of {"user_id": 46541, "artist": "tony-allen", "song_id": 7, "song_name": "upside-down", "event_type": "song_completed", "timestamp": "2023-05-06 08:40:31"}

2023-05-08 14:21:03 Produced message on topic tony-allen-plays with value of {"user_id": 27779, "artist": "tony-allen", "song_id": 6, "song_name": "the-same-blood", "event_type": "song_completed", "timestamp": "2023-05-04 23:13:36"}

2023-05-08 14:21:06 Produced message on topic tony-allen-plays with value of {"user_id": 37488, "artist": "tony-allen", "song_id": 8, "song_name": "african-man", "event_type": "song_completed", "timestamp": "2023-05-02 08:00:16"}

2023-05-08 14:21:09 Produced message on topic tony-allen-plays with value of {"user_id": 59560, "artist": "tony-allen", "song_id": 8, "song_name": "african-man", "event_type": "song_completed", "timestamp": "2023-05-04 19:58:44"}

2023-05-08 14:21:12 Produced message on topic tony-allen-plays with value of {"user_id": 24698, "artist": "tony-allen", "song_id": 9, "song_name": "vip", "event_type": "song_completed", "timestamp": "2023-05-04 02:17:51"}

2023-05-08 14:21:16 Produced message on topic tony-allen-plays with value of {"user_id": 82318, "artist": "tony-allen", "song_id": 7, "song_name": "upside-down", "event_type": "song_completed", "timestamp": "2023-05-06 15:31:45"}

2023-05-08 14:21:19 Produced message on topic tony-allen-plays with value of {"user_id": 29558, "artist": "tony-allen", "song_id": 2, "song_name": "secret-agent", "event_type": "song_completed", "timestamp": "2023-05-04 14:01:54"}

2023-05-08 14:21:22 Produced message on topic tony-allen-plays with value of {"user_id": 23620, "artist": "tony-allen", "song_id": 5, "song_name": "asiko", "event_type": "song_completed", "timestamp": "2023-05-01 07:44:55"}

2023-05-08 14:21:25 Produced message on topic tony-allen-plays with value of {"user_id": 78573, "artist": "tony-allen", "song_id": 3, "song_name": "kindness", "event_type": "song_completed", "timestamp": "2023-05-01 14:41:15"}

2023-05-08 14:21:28 Produced message on topic tony-allen-plays with value of {"user_id": 78597, "artist": "tony-allen", "song_id": 4, "song_name": "soldiers", "event_type": "song_completed", "timestamp": "2023-05-03 06:24:07"}

2023-05-08 14:21:31 Produced message on topic tony-allen-plays with value of {"user_id": 51152, "artist": "tony-allen", "song_id": 3, "song_name": "kindness", "event_type": "song_completed", "timestamp": "2023-05-07 23:35:15"}

2023-05-08 14:21:34 Produced message on topic tony-allen-plays with value of {"user_id": 49854, "artist": "tony-allen", "song_id": 6, "song_name": "the-same-blood", "event_type": "song_completed", "timestamp": "2023-05-03 19:24:59"}

2023-05-08 14:21:37 Produced message on topic tony-allen-plays with value of {"user_id": 22423, "artist": "tony-allen", "song_id": 2, "song_name": "secret-agent", "event_type": "song_completed", "timestamp": "2023-05-04 04:16:31"}

2023-05-08 14:21:40 Produced message on topic tony-allen-plays with value of {"user_id": 46782, "artist": "tony-allen", "song_id": 8, "song_name": "african-man", "event_type": "song_completed", "timestamp": "2023-05-05 14:10:40"}

2023-05-08 14:21:43 Produced message on topic tony-allen-plays with value of {"user_id": 70181, "artist": "tony-allen", "song_id": 5, "song_name": "asiko", "event_type": "song_completed", "timestamp": "2023-05-04 03:02:08"}

